# JRE version: Java(TM) SE Runtime Environment (8.0_121-b13) (build 1.8.0_121-b13)
# Java VM: Java HotSpot(TM) 64-Bit Server VM (25.121-b13 mixed mode windows-amd64 compressed oops)
Heap:
 PSYoungGen      total 826880K, used 459961K [0x000000076ab00000, 0x00000007a7980000, 0x00000007c0000000)
  eden space 691712K, 54% used [0x000000076ab00000,0x0000000781c64540,0x0000000794e80000)
  from space 135168K, 60% used [0x000000079f580000,0x00000007a454a0f8,0x00000007a7980000)
  to   space 153088K, 0% used [0x0000000794e80000,0x0000000794e80000,0x000000079e400000)
 ParOldGen       total 667648K, used 448581K [0x00000006c0000000, 0x00000006e8c00000, 0x000000076ab00000)
  object space 667648K, 67% used [0x00000006c0000000,0x00000006db611710,0x00000006e8c00000)
 Metaspace       used 6649K, capacity 7320K, committed 7680K, reserved 1056768K
  class space    used 633K, capacity 656K, committed 768K, reserved 1048576K
GC Heap History (10 events):
Event: 19.152 GC heap before
{Heap before GC invocations=16 (full 2):
 PSYoungGen      total 593408K, used 593405K [0x000000076ab00000, 0x000000079ba00000, 0x00000007c0000000)
  eden space 507392K, 100% used [0x000000076ab00000,0x0000000789a80000,0x0000000789a80000)
  from space 86016K, 99% used [0x0000000789a80000,0x000000078ee7f570,0x000000078ee80000)
  to   space 108032K, 0% used [0x0000000795080000,0x0000000795080000,0x000000079ba00000)
 ParOldGen       total 253952K, used 207460K [0x00000006c0000000, 0x00000006cf800000, 0x000000076ab00000)
  object space 253952K, 81% used [0x00000006c0000000,0x00000006cca992a0,0x00000006cf800000)
 Metaspace       used 6638K, capacity 7320K, committed 7680K, reserved 1056768K
  class space    used 632K, capacity 656K, committed 768K, reserved 1048576K
Event: 19.386 GC heap after
Heap after GC invocations=16 (full 2):
 PSYoungGen      total 685568K, used 80299K [0x000000076ab00000, 0x00000007a0700000, 0x00000007c0000000)
  eden space 577536K, 0% used [0x000000076ab00000,0x000000076ab00000,0x000000078df00000)
  from space 108032K, 74% used [0x0000000795080000,0x0000000799eeafe8,0x000000079ba00000)
  to   space 116224K, 0% used [0x000000078df00000,0x000000078df00000,0x0000000795080000)
 ParOldGen       total 294400K, used 293892K [0x00000006c0000000, 0x00000006d1f80000, 0x000000076ab00000)
  object space 294400K, 99% used [0x00000006c0000000,0x00000006d1f012d0,0x00000006d1f80000)
 Metaspace       used 6638K, capacity 7320K, committed 7680K, reserved 1056768K
  class space    used 632K, capacity 656K, committed 768K, reserved 1048576K
}
Event: 19.386 GC heap before
{Heap before GC invocations=17 (full 3):
 PSYoungGen      total 685568K, used 80299K [0x000000076ab00000, 0x00000007a0700000, 0x00000007c0000000)
  eden space 577536K, 0% used [0x000000076ab00000,0x000000076ab00000,0x000000078df00000)
  from space 108032K, 74% used [0x0000000795080000,0x0000000799eeafe8,0x000000079ba00000)
  to   space 116224K, 0% used [0x000000078df00000,0x000000078df00000,0x0000000795080000)
 ParOldGen       total 294400K, used 293892K [0x00000006c0000000, 0x00000006d1f80000, 0x000000076ab00000)
  object space 294400K, 99% used [0x00000006c0000000,0x00000006d1f012d0,0x00000006d1f80000)
 Metaspace       used 6638K, capacity 7320K, committed 7680K, reserved 1056768K
  class space    used 632K, capacity 656K, committed 768K, reserved 1048576K
Event: 20.417 GC heap after
Heap after GC invocations=17 (full 3):
 PSYoungGen      total 685568K, used 70646K [0x000000076ab00000, 0x00000007a0700000, 0x00000007c0000000)
  eden space 577536K, 0% used [0x000000076ab00000,0x000000076ab00000,0x000000078df00000)
  from space 108032K, 65% used [0x0000000795080000,0x000000079957d8a8,0x000000079ba00000)
  to   space 116224K, 0% used [0x000000078df00000,0x000000078df00000,0x0000000795080000)
 ParOldGen       total 449024K, used 294229K [0x00000006c0000000, 0x00000006db680000, 0x000000076ab00000)
  object space 449024K, 65% used [0x00000006c0000000,0x00000006d1f557b8,0x00000006db680000)
 Metaspace       used 6638K, capacity 7320K, committed 7680K, reserved 1056768K
  class space    used 632K, capacity 656K, committed 768K, reserved 1048576K
}
Event: 45.214 GC heap before
{Heap before GC invocations=18 (full 3):
 PSYoungGen      total 685568K, used 648182K [0x000000076ab00000, 0x00000007a0700000, 0x00000007c0000000)
  eden space 577536K, 100% used [0x000000076ab00000,0x000000078df00000,0x000000078df00000)
  from space 108032K, 65% used [0x0000000795080000,0x000000079957d8a8,0x000000079ba00000)
  to   space 116224K, 0% used [0x000000078df00000,0x000000078df00000,0x0000000795080000)
 ParOldGen       total 449024K, used 294229K [0x00000006c0000000, 0x00000006db680000, 0x000000076ab00000)
  object space 449024K, 65% used [0x00000006c0000000,0x00000006d1f557b8,0x00000006db680000)
 Metaspace       used 6643K, capacity 7320K, committed 7680K, reserved 1056768K
  class space    used 633K, capacity 656K, committed 768K, reserved 1048576K
Event: 45.399 GC heap after
Heap after GC invocations=18 (full 3):
 PSYoungGen      total 693760K, used 116194K [0x000000076ab00000, 0x00000007a8700000, 0x00000007c0000000)
  eden space 577536K, 0% used [0x000000076ab00000,0x000000076ab00000,0x000000078df00000)
  from space 116224K, 99% used [0x000000078df00000,0x0000000795078aa0,0x0000000795080000)
  to   space 148992K, 0% used [0x000000079f580000,0x000000079f580000,0x00000007a8700000)
 ParOldGen       total 449024K, used 329204K [0x00000006c0000000, 0x00000006db680000, 0x000000076ab00000)
  object space 449024K, 73% used [0x00000006c0000000,0x00000006d417d210,0x00000006db680000)
 Metaspace       used 6643K, capacity 7320K, committed 7680K, reserved 1056768K
  class space    used 633K, capacity 656K, committed 768K, reserved 1048576K
}
Event: 82.134 GC heap before
{Heap before GC invocations=19 (full 3):
 PSYoungGen      total 693760K, used 693730K [0x000000076ab00000, 0x00000007a8700000, 0x00000007c0000000)
  eden space 577536K, 100% used [0x000000076ab00000,0x000000078df00000,0x000000078df00000)
  from space 116224K, 99% used [0x000000078df00000,0x0000000795078aa0,0x0000000795080000)
  to   space 148992K, 0% used [0x000000079f580000,0x000000079f580000,0x00000007a8700000)
 ParOldGen       total 449024K, used 329204K [0x00000006c0000000, 0x00000006db680000, 0x000000076ab00000)
  object space 449024K, 73% used [0x00000006c0000000,0x00000006d417d210,0x00000006db680000)
 Metaspace       used 6647K, capacity 7320K, committed 7680K, reserved 1056768K
  class space    used 633K, capacity 656K, committed 768K, reserved 1048576K
Event: 82.326 GC heap after
Heap after GC invocations=19 (full 3):
 PSYoungGen      total 826880K, used 90646K [0x000000076ab00000, 0x00000007a7980000, 0x00000007c0000000)
  eden space 691712K, 0% used [0x000000076ab00000,0x000000076ab00000,0x0000000794e80000)
  from space 135168K, 67% used [0x000000079f580000,0x00000007a4e05918,0x00000007a7980000)
  to   space 153088K, 0% used [0x0000000794e80000,0x0000000794e80000,0x000000079e400000)
 ParOldGen       total 449024K, used 445824K [0x00000006c0000000, 0x00000006db680000, 0x000000076ab00000)
  object space 449024K, 99% used [0x00000006c0000000,0x00000006db360258,0x00000006db680000)
 Metaspace       used 6647K, capacity 7320K, committed 7680K, reserved 1056768K
  class space    used 633K, capacity 656K, committed 768K, reserved 1048576K
}
Event: 82.326 GC heap before
{Heap before GC invocations=20 (full 4):
 PSYoungGen      total 826880K, used 90646K [0x000000076ab00000, 0x00000007a7980000, 0x00000007c0000000)
  eden space 691712K, 0% used [0x000000076ab00000,0x000000076ab00000,0x0000000794e80000)
  from space 135168K, 67% used [0x000000079f580000,0x00000007a4e05918,0x00000007a7980000)
  to   space 153088K, 0% used [0x0000000794e80000,0x0000000794e80000,0x000000079e400000)
 ParOldGen       total 449024K, used 445824K [0x00000006c0000000, 0x00000006db680000, 0x000000076ab00000)
  object space 449024K, 99% used [0x00000006c0000000,0x00000006db360258,0x00000006db680000)
 Metaspace       used 6647K, capacity 7320K, committed 7680K, reserved 1056768K
  class space    used 633K, capacity 656K, committed 768K, reserved 1048576K
Event: 84.105 GC heap after
Heap after GC invocations=20 (full 4):
 PSYoungGen      total 826880K, used 81704K [0x000000076ab00000, 0x00000007a7980000, 0x00000007c0000000)
  eden space 691712K, 0% used [0x000000076ab00000,0x000000076ab00000,0x0000000794e80000)
  from space 135168K, 60% used [0x000000079f580000,0x00000007a454a0f8,0x00000007a7980000)
  to   space 153088K, 0% used [0x0000000794e80000,0x0000000794e80000,0x000000079e400000)
 ParOldGen       total 667648K, used 448581K [0x00000006c0000000, 0x00000006e8c00000, 0x000000076ab00000)
  object space 667648K, 67% used [0x00000006c0000000,0x00000006db611710,0x00000006e8c00000)
 Metaspace       used 6647K, capacity 7320K, committed 7680K, reserved 1056768K
  class space    used 633K, capacity 656K, committed 768K, reserved 1048576K
}

